2025-03-27 12:14:13,497 - __main__ - INFO - Replaced original StrategyModule with CustomTAStrategyModule for market-based signal generation
fatal: bad revision 'HEAD'
/Users/carloslarramba/Documents/Projects2025/Refactored_ML/trading_bot_env/lib/python3.9/site-packages/urllib3/__init__.py:35: NotOpenSSLWarning: urllib3 v2 only supports OpenSSL 1.1.1+, currently the 'ssl' module is compiled with 'LibreSSL 2.8.3'. See: https://github.com/urllib3/urllib3/issues/3020
  warnings.warn(
2025-03-27 12:14:13,936 - __main__ - INFO - Applied patch to BotOrchestrator.generate_signals to use trade_type instead of side/direction
2025-03-27 12:14:13,936 - __main__ - INFO - Applied patch to BotOrchestrator.schedule_jobs to use patched_generate_signals
2025-03-27 12:14:13,937 - __main__ - INFO - Starting ML-Powered Trading Bot
2025-03-27 12:14:13,944 - app.config.settings - INFO - Model save path set to: ./models
2025-03-27 12:14:13,944 - app.config.settings - INFO - Using default timeframes: ['1m', '5m', '15m', '1h']
2025-03-27 12:14:13,944 - app.config.settings - INFO - Binance config initialized from environment variables
2025-03-27 12:14:13,945 - app.config.settings - INFO - Crypto.com config initialized from environment variables
2025-03-27 12:14:13,945 - app.config.settings - INFO - Loaded Binance credentials: API Key: Found, Secret Key: Found
2025-03-27 12:14:13,945 - app.config.settings - INFO - Database URL from environment: postgresql+asyncpg://carloslarramba@localhost:5432/trading_bot
2025-03-27 12:14:13,945 - __main__ - INFO - Application mode: simulation
2025-03-27 12:14:13,945 - app.utils.notification_system - INFO - Notification system initialized with channels: console
2025-03-27 12:14:13,945 - app.core.orchestrator - INFO - Orchestrator initialized in simulation mode
2025-03-27 12:14:13,945 - app.core.orchestrator - INFO - Starting trading bot in simulation mode
2025-03-27 12:14:13,945 - app.core.orchestrator - INFO - Initializing trading bot modules...
2025-03-27 12:14:13,945 - app.core.orchestrator - INFO - Initializing scheduler
2025-03-27 12:14:13,947 - app.core.orchestrator - INFO - Scheduler initialized successfully
2025-03-27 12:14:13,947 - apscheduler.scheduler - INFO - Scheduler started
2025-03-27 12:14:13,947 - app.core.orchestrator - INFO - Scheduler started successfully
2025-03-27 12:14:13,947 - app.core.orchestrator - INFO - Initializing exchange manager
2025-03-27 12:14:13,947 - app.exchange.binance_direct - INFO - Initialized BinanceDirectAPI in sandbox mode
2025-03-27 12:14:13,947 - app.exchange.manager - INFO - Exchange manager initialized (sandbox: True)
2025-03-27 12:14:13,952 - app.exchange.manager - INFO - Exchange binance initialized with USDC as quote currency
2025-03-27 12:14:13,952 - app.exchange.manager - INFO - Initialized Binance exchange in simulation mode with USDC as quote currency
2025-03-27 12:14:13,952 - app.exchange.binance_direct - INFO - Initialized BinanceDirectAPI in sandbox mode
2025-03-27 12:14:13,957 - app.exchange.manager - INFO - Initialized Binance exchange in simulation mode with USDC as quote currency
2025-03-27 12:14:13,957 - app.exchange.manager - INFO - Binance exchange initialized in spot mode using real API
2025-03-27 12:14:13,960 - app.exchange.manager - INFO - Crypto.com exchange initialized in spot mode
2025-03-27 12:14:16,505 - app.exchange.manager - INFO - Loaded markets for binance
2025-03-27 12:14:17,144 - app.exchange.manager - INFO - Loaded markets for cryptocom
2025-03-27 12:14:17,144 - app.core.orchestrator - INFO - Exchange manager initialized successfully
2025-03-27 12:14:17,144 - app.core.orchestrator - INFO - Initializing database manager
2025-03-27 12:14:17,144 - app.database.manager - INFO - Database manager initialized with path: data/trading_bot.db
2025-03-27 12:14:17,145 - app.database.manager - INFO - Initializing database with data/trading_bot.db
2025-03-27 12:14:17,145 - app.database.manager - INFO - Using SQLite database at: sqlite+aiosqlite:///data/trading_bot.db
2025-03-27 12:14:17,145 - app.database.manager - INFO - Using aiosqlite driver for SQLite
2025-03-27 12:14:17,153 - app.database.manager - INFO - Database connection successful
2025-03-27 12:14:17,153 - app.database.manager - INFO - Using existing database structure (tables not created)
2025-03-27 12:14:17,153 - app.core.orchestrator - INFO - Database manager initialized successfully
2025-03-27 12:14:17,153 - app.core.orchestrator - INFO - Initializing trading pair selector
2025-03-27 12:14:17,153 - app.core.orchestrator - INFO - Trading pair selector initialized successfully
2025-03-27 12:14:17,153 - app.core.orchestrator - INFO - Initializing technical analysis module
2025-03-27 12:14:17,442 - app.ta.indicators - INFO - Technical Analysis module initialized (GPU: False, TA-Lib: True)
2025-03-27 12:14:17,442 - app.core.orchestrator - INFO - Technical analysis module initialized successfully
2025-03-27 12:14:17,442 - app.core.orchestrator - INFO - Initializing machine learning module
2025-03-27 12:14:20,580 - app.ml.online_learning - INFO - Initialized online learner with update interval: 15 minutes
2025-03-27 12:14:20,580 - app.ml.model - INFO - ML module initialized
2025-03-27 12:14:20,580 - app.core.orchestrator - INFO - Machine learning module initialized successfully
2025-03-27 12:14:20,580 - app.core.orchestrator - INFO - Initializing strategy module
2025-03-27 12:14:20,580 - __main__ - INFO - Initialized CustomTAStrategyModule for market-based signal generation
2025-03-27 12:14:20,580 - app.core.orchestrator - INFO - Strategy module initialized successfully
2025-03-27 12:14:20,581 - app.database.manager - INFO - Database tables initialized
2025-03-27 12:14:20,581 - app.database.manager - INFO - Database connection established
2025-03-27 12:14:20,581 - app.core.orchestrator - INFO - Historical data loaded successfully
2025-03-27 12:14:20,581 - apscheduler.scheduler - INFO - Added job "BotOrchestrator.collect_market_data" to job store "default"
2025-03-27 12:14:20,582 - apscheduler.scheduler - INFO - Added job "BotOrchestrator.patched_generate_signals" to job store "default"
2025-03-27 12:14:20,582 - apscheduler.scheduler - INFO - Added job "BotOrchestrator.update_trading_pairs" to job store "default"
2025-03-27 12:14:20,582 - apscheduler.scheduler - INFO - Added job "BotOrchestrator.train_ml_models" to job store "default"
2025-03-27 12:14:20,582 - apscheduler.scheduler - INFO - Added job "BotOrchestrator.make_predictions" to job store "default"
2025-03-27 12:14:20,582 - apscheduler.scheduler - INFO - Added job "BotOrchestrator.update_position_prices" to job store "default"
2025-03-27 12:14:20,582 - apscheduler.scheduler - INFO - Added job "BotOrchestrator.update_heartbeat" to job store "default"
2025-03-27 12:14:20,582 - app.core.orchestrator - INFO - All jobs scheduled successfully
2025-03-27 12:14:20,582 - app.core.orchestrator - INFO - Jobs scheduled successfully
2025-03-27 12:14:20,582 - app.core.orchestrator - INFO - All trading bot modules initialized successfully
2025-03-27 12:14:20,582 - app.core.orchestrator - INFO - All jobs scheduled successfully
2025-03-27 12:14:20,582 - app.core.orchestrator - INFO - Trading bot started successfully
2025-03-27 12:14:20,582 - app.core.orchestrator - WARNING - Balance manager not available, skipping historical data update
